Start testing: Nov 30 10:49 CET
----------------------------------------------------------
1/1 Testing: Exempletest
1/1 Test: Exempletest
Command: "/ssd/dev/google-test/build/test/Exempletest"
Directory: /ssd/dev/google-test/build/test
"Exempletest" start time: Nov 30 10:49 CET
Output:
----------------------------------------------------------
Running main() from /usr/src/gtest/src/gtest_main.cc
[==========] Running 2 tests from 1 test suite.
[----------] Global test environment set-up.
[----------] 2 tests from Exampletest
[ RUN      ] Exampletest.mac
[       OK ] Exampletest.mac (0 ms)
[ RUN      ] Exampletest.square
[       OK ] Exampletest.square (0 ms)
[----------] 2 tests from Exampletest (0 ms total)

[----------] Global test environment tear-down
[==========] 2 tests from 1 test suite ran. (0 ms total)
[  PASSED  ] 2 tests.
<end of output>
Test time =   0.00 sec
----------------------------------------------------------
Test Passed.
"Exempletest" end time: Nov 30 10:49 CET
"Exempletest" time elapsed: 00:00:00
----------------------------------------------------------

End testing: Nov 30 10:49 CET
