Start testing: Nov 30 10:55 CET
----------------------------------------------------------
1/1 Testing: Exempletest
1/1 Test: Exempletest
Command: "/ssd/dev/google-test/build/test/Exempletest"
Directory: /ssd/dev/google-test/build/test
"Exempletest" start time: Nov 30 10:55 CET
Output:
----------------------------------------------------------
Running main() from /usr/src/gtest/src/gtest_main.cc
[==========] Running 2 tests from 2 test suites.
[----------] Global test environment set-up.
[----------] 1 test from Exampletest
[ RUN      ] Exampletest.mac
[       OK ] Exampletest.mac (0 ms)
[----------] 1 test from Exampletest (0 ms total)

[----------] 1 test from example_test
[ RUN      ] example_test.square
[       OK ] example_test.square (0 ms)
[----------] 1 test from example_test (0 ms total)

[----------] Global test environment tear-down
[==========] 2 tests from 2 test suites ran. (0 ms total)
[  PASSED  ] 2 tests.
<end of output>
Test time =   0.00 sec
----------------------------------------------------------
Test Passed.
"Exempletest" end time: Nov 30 10:55 CET
"Exempletest" time elapsed: 00:00:00
----------------------------------------------------------

End testing: Nov 30 10:55 CET
